{"C:\\Users\\ACER\\Documents\\Codes\\Labenu\\Modulo 4 - Fullstack\\testes-backend-II-template\\src\\business\\UserBusiness.ts": {"path":"C:\\Users\\ACER\\Documents\\Codes\\Labenu\\Modulo 4 - Fullstack\\testes-backend-II-template\\src\\business\\UserBusiness.ts","statementMap":{"0":{"start":{"line":5,"column":0},"end":{"line":5,"column":60}},"1":{"start":{"line":6,"column":0},"end":{"line":6,"column":56}},"2":{"start":{"line":7,"column":0},"end":{"line":7,"column":64}},"3":{"start":{"line":14,"column":12},"end":{"line":14,"column":38}},"4":{"start":{"line":15,"column":12},"end":{"line":15,"column":36}},"5":{"start":{"line":16,"column":12},"end":{"line":16,"column":38}},"6":{"start":{"line":17,"column":12},"end":{"line":17,"column":36}},"7":{"start":{"line":20,"column":9},"end":{"line":53,"column":4}},"8":{"start":{"line":22,"column":34},"end":{"line":53,"column":4}},"9":{"start":{"line":23,"column":25},"end":{"line":23,"column":30}},"10":{"start":{"line":25,"column":20},"end":{"line":25,"column":55}},"11":{"start":{"line":27,"column":4},"end":{"line":29,"column":null}},"12":{"start":{"line":28,"column":6},"end":{"line":28,"column":50}},"13":{"start":{"line":31,"column":4},"end":{"line":33,"column":null}},"14":{"start":{"line":32,"column":6},"end":{"line":32,"column":64}},"15":{"start":{"line":35,"column":20},"end":{"line":35,"column":56}},"16":{"start":{"line":37,"column":18},"end":{"line":48,"column":6}},"17":{"start":{"line":38,"column":19},"end":{"line":44,"column":null}},"18":{"start":{"line":47,"column":6},"end":{"line":47,"column":36}},"19":{"start":{"line":50,"column":38},"end":{"line":50,"column":43}},"20":{"start":{"line":52,"column":4},"end":{"line":52,"column":18}},"21":{"start":{"line":55,"column":9},"end":{"line":87,"column":4}},"22":{"start":{"line":55,"column":76},"end":{"line":87,"column":4}},"23":{"start":{"line":56,"column":38},"end":{"line":56,"column":43}},"24":{"start":{"line":58,"column":15},"end":{"line":58,"column":42}},"25":{"start":{"line":59,"column":27},"end":{"line":59,"column":64}},"26":{"start":{"line":61,"column":20},"end":{"line":67,"column":null}},"27":{"start":{"line":70,"column":22},"end":{"line":70,"column":41}},"28":{"start":{"line":71,"column":4},"end":{"line":71,"column":50}},"29":{"start":{"line":73,"column":39},"end":{"line":77,"column":6}},"30":{"start":{"line":79,"column":18},"end":{"line":79,"column":61}},"31":{"start":{"line":81,"column":36},"end":{"line":84,"column":6}},"32":{"start":{"line":86,"column":4},"end":{"line":86,"column":18}},"33":{"start":{"line":89,"column":9},"end":{"line":132,"column":4}},"34":{"start":{"line":89,"column":73},"end":{"line":132,"column":4}},"35":{"start":{"line":90,"column":32},"end":{"line":90,"column":37}},"36":{"start":{"line":92,"column":19},"end":{"line":92,"column":65}},"37":{"start":{"line":94,"column":4},"end":{"line":96,"column":null}},"38":{"start":{"line":95,"column":6},"end":{"line":95,"column":56}},"39":{"start":{"line":98,"column":27},"end":{"line":98,"column":42}},"40":{"start":{"line":100,"column":30},"end":{"line":102,"column":null}},"41":{"start":{"line":105,"column":4},"end":{"line":107,"column":null}},"42":{"start":{"line":106,"column":6},"end":{"line":106,"column":68}},"43":{"start":{"line":109,"column":17},"end":{"line":115,"column":null}},"44":{"start":{"line":118,"column":39},"end":{"line":122,"column":6}},"45":{"start":{"line":124,"column":18},"end":{"line":124,"column":61}},"46":{"start":{"line":126,"column":35},"end":{"line":129,"column":6}},"47":{"start":{"line":131,"column":4},"end":{"line":131,"column":18}},"48":{"start":{"line":12,"column":0},"end":{"line":12,"column":13}}},"fnMap":{"0":{"name":"(anonymous_7)","decl":{"start":{"line":13,"column":2},"end":{"line":13,"column":null}},"loc":{"start":{"line":17,"column":36},"end":{"line":18,"column":6}}},"1":{"name":"(anonymous_8)","decl":{"start":{"line":20,"column":20},"end":{"line":20,"column":null}},"loc":{"start":{"line":22,"column":34},"end":{"line":53,"column":4}}},"2":{"name":"(anonymous_9)","decl":{"start":{"line":22,"column":34},"end":{"line":22,"column":null}},"loc":{"start":{"line":22,"column":34},"end":{"line":53,"column":3}}},"3":{"name":"(anonymous_10)","decl":{"start":{"line":37,"column":30},"end":{"line":37,"column":31}},"loc":{"start":{"line":37,"column":41},"end":{"line":48,"column":5}}},"4":{"name":"(anonymous_11)","decl":{"start":{"line":55,"column":18},"end":{"line":55,"column":25}},"loc":{"start":{"line":55,"column":76},"end":{"line":87,"column":4}}},"5":{"name":"(anonymous_12)","decl":{"start":{"line":55,"column":76},"end":{"line":55,"column":null}},"loc":{"start":{"line":55,"column":76},"end":{"line":87,"column":3}}},"6":{"name":"(anonymous_13)","decl":{"start":{"line":89,"column":17},"end":{"line":89,"column":24}},"loc":{"start":{"line":89,"column":73},"end":{"line":132,"column":4}}},"7":{"name":"(anonymous_14)","decl":{"start":{"line":89,"column":73},"end":{"line":89,"column":null}},"loc":{"start":{"line":89,"column":73},"end":{"line":132,"column":3}}}},"branchMap":{"0":{"loc":{"start":{"line":27,"column":4},"end":{"line":29,"column":null}},"type":"if","locations":[{"start":{"line":27,"column":4},"end":{"line":29,"column":null}}]},"1":{"loc":{"start":{"line":31,"column":4},"end":{"line":33,"column":null}},"type":"if","locations":[{"start":{"line":31,"column":4},"end":{"line":33,"column":null}}]},"2":{"loc":{"start":{"line":94,"column":4},"end":{"line":96,"column":null}},"type":"if","locations":[{"start":{"line":94,"column":4},"end":{"line":96,"column":null}}]},"3":{"loc":{"start":{"line":105,"column":4},"end":{"line":107,"column":null}},"type":"if","locations":[{"start":{"line":105,"column":4},"end":{"line":107,"column":null}}]}},"s":{"0":2,"1":2,"2":2,"3":2,"4":2,"5":2,"6":2,"7":2,"8":1,"9":1,"10":1,"11":1,"12":0,"13":1,"14":0,"15":1,"16":1,"17":2,"18":2,"19":1,"20":1,"21":2,"22":0,"23":0,"24":0,"25":0,"26":0,"27":0,"28":0,"29":0,"30":0,"31":0,"32":0,"33":2,"34":1,"35":1,"36":1,"37":1,"38":0,"39":1,"40":1,"41":1,"42":0,"43":1,"44":1,"45":1,"46":1,"47":1,"48":2},"f":{"0":2,"1":1,"2":1,"3":2,"4":0,"5":0,"6":1,"7":1},"b":{"0":[0],"1":[0],"2":[0],"3":[0]}}
,"C:\\Users\\ACER\\Documents\\Codes\\Labenu\\Modulo 4 - Fullstack\\testes-backend-II-template\\src\\database\\BaseDatabase.ts": {"path":"C:\\Users\\ACER\\Documents\\Codes\\Labenu\\Modulo 4 - Fullstack\\testes-backend-II-template\\src\\database\\BaseDatabase.ts","statementMap":{"0":{"start":{"line":1,"column":0},"end":{"line":1,"column":27}},"1":{"start":{"line":2,"column":0},"end":{"line":2,"column":27}},"2":{"start":{"line":4,"column":0},"end":{"line":4,"column":null}},"3":{"start":{"line":6,"column":0},"end":{"line":6,"column":22}},"4":{"start":{"line":7,"column":21},"end":{"line":20,"column":null}},"5":{"start":{"line":17,"column":16},"end":{"line":17,"column":null}}},"fnMap":{"0":{"name":"(anonymous_1)","decl":{"start":{"line":16,"column":25},"end":{"line":16,"column":26}},"loc":{"start":{"line":16,"column":48},"end":{"line":18,"column":13}}}},"branchMap":{},"s":{"0":2,"1":2,"2":2,"3":2,"4":2,"5":0},"f":{"0":0},"b":{}}
,"C:\\Users\\ACER\\Documents\\Codes\\Labenu\\Modulo 4 - Fullstack\\testes-backend-II-template\\src\\errors\\BadRequestError.ts": {"path":"C:\\Users\\ACER\\Documents\\Codes\\Labenu\\Modulo 4 - Fullstack\\testes-backend-II-template\\src\\errors\\BadRequestError.ts","statementMap":{"0":{"start":{"line":1,"column":0},"end":{"line":1,"column":40}},"1":{"start":{"line":7,"column":8},"end":{"line":7,"column":null}},"2":{"start":{"line":3,"column":0},"end":{"line":3,"column":13}}},"fnMap":{},"branchMap":{"0":{"loc":{"start":{"line":5,"column":8},"end":{"line":5,"column":47}},"type":"default-arg","locations":[{"start":{"line":5,"column":26},"end":{"line":5,"column":47}}]}},"s":{"0":2,"1":0,"2":2},"f":{},"b":{"0":[0]}}
,"C:\\Users\\ACER\\Documents\\Codes\\Labenu\\Modulo 4 - Fullstack\\testes-backend-II-template\\src\\errors\\BaseError.ts": {"path":"C:\\Users\\ACER\\Documents\\Codes\\Labenu\\Modulo 4 - Fullstack\\testes-backend-II-template\\src\\errors\\BaseError.ts","statementMap":{"0":{"start":{"line":6,"column":8},"end":{"line":6,"column":null}},"1":{"start":{"line":3,"column":15},"end":{"line":3,"column":33}},"2":{"start":{"line":1,"column":0},"end":{"line":1,"column":22}}},"fnMap":{"0":{"name":"(anonymous_0)","decl":{"start":{"line":2,"column":4},"end":{"line":2,"column":null}},"loc":{"start":{"line":4,"column":23},"end":{"line":7,"column":5}}}},"branchMap":{},"s":{"0":0,"1":0,"2":2},"f":{"0":0},"b":{}}
,"C:\\Users\\ACER\\Documents\\Codes\\Labenu\\Modulo 4 - Fullstack\\testes-backend-II-template\\src\\errors\\NotFoundError.ts": {"path":"C:\\Users\\ACER\\Documents\\Codes\\Labenu\\Modulo 4 - Fullstack\\testes-backend-II-template\\src\\errors\\NotFoundError.ts","statementMap":{"0":{"start":{"line":1,"column":0},"end":{"line":1,"column":40}},"1":{"start":{"line":7,"column":8},"end":{"line":7,"column":null}},"2":{"start":{"line":3,"column":0},"end":{"line":3,"column":13}}},"fnMap":{},"branchMap":{"0":{"loc":{"start":{"line":5,"column":8},"end":{"line":5,"column":50}},"type":"default-arg","locations":[{"start":{"line":5,"column":26},"end":{"line":5,"column":50}}]}},"s":{"0":2,"1":0,"2":2},"f":{},"b":{"0":[0]}}
,"C:\\Users\\ACER\\Documents\\Codes\\Labenu\\Modulo 4 - Fullstack\\testes-backend-II-template\\src\\models\\User.ts": {"path":"C:\\Users\\ACER\\Documents\\Codes\\Labenu\\Modulo 4 - Fullstack\\testes-backend-II-template\\src\\models\\User.ts","statementMap":{"0":{"start":{"line":1,"column":0},"end":{"line":1,"column":null}},"1":{"start":{"line":2,"column":2},"end":{"line":2,"column":null}},"2":{"start":{"line":3,"column":2},"end":{"line":3,"column":null}},"3":{"start":{"line":31,"column":16},"end":{"line":31,"column":26}},"4":{"start":{"line":32,"column":16},"end":{"line":32,"column":28}},"5":{"start":{"line":33,"column":16},"end":{"line":33,"column":29}},"6":{"start":{"line":34,"column":16},"end":{"line":34,"column":32}},"7":{"start":{"line":35,"column":16},"end":{"line":35,"column":32}},"8":{"start":{"line":36,"column":16},"end":{"line":36,"column":33}},"9":{"start":{"line":40,"column":8},"end":{"line":40,"column":null}},"10":{"start":{"line":44,"column":8},"end":{"line":44,"column":null}},"11":{"start":{"line":48,"column":8},"end":{"line":48,"column":null}},"12":{"start":{"line":52,"column":8},"end":{"line":52,"column":null}},"13":{"start":{"line":56,"column":8},"end":{"line":56,"column":null}},"14":{"start":{"line":60,"column":8},"end":{"line":60,"column":null}},"15":{"start":{"line":64,"column":8},"end":{"line":64,"column":null}},"16":{"start":{"line":68,"column":8},"end":{"line":68,"column":null}},"17":{"start":{"line":72,"column":8},"end":{"line":72,"column":null}},"18":{"start":{"line":76,"column":8},"end":{"line":76,"column":null}},"19":{"start":{"line":80,"column":8},"end":{"line":80,"column":null}},"20":{"start":{"line":84,"column":8},"end":{"line":84,"column":null}},"21":{"start":{"line":88,"column":8},"end":{"line":95,"column":null}},"22":{"start":{"line":99,"column":8},"end":{"line":105,"column":null}},"23":{"start":{"line":29,"column":0},"end":{"line":29,"column":13}}},"fnMap":{"0":{"name":"(anonymous_0)","decl":{"start":{"line":1,"column":0},"end":{"line":1,"column":12}},"loc":{"start":{"line":1,"column":22},"end":{"line":4,"column":1}}},"1":{"name":"(anonymous_1)","decl":{"start":{"line":30,"column":4},"end":{"line":30,"column":null}},"loc":{"start":{"line":36,"column":33},"end":{"line":37,"column":8}}},"2":{"name":"(anonymous_2)","decl":{"start":{"line":39,"column":11},"end":{"line":39,"column":16}},"loc":{"start":{"line":39,"column":16},"end":{"line":41,"column":5}}},"3":{"name":"(anonymous_3)","decl":{"start":{"line":43,"column":11},"end":{"line":43,"column":16}},"loc":{"start":{"line":43,"column":30},"end":{"line":45,"column":5}}},"4":{"name":"(anonymous_4)","decl":{"start":{"line":47,"column":11},"end":{"line":47,"column":18}},"loc":{"start":{"line":47,"column":18},"end":{"line":49,"column":5}}},"5":{"name":"(anonymous_5)","decl":{"start":{"line":51,"column":11},"end":{"line":51,"column":18}},"loc":{"start":{"line":51,"column":32},"end":{"line":53,"column":5}}},"6":{"name":"(anonymous_6)","decl":{"start":{"line":55,"column":11},"end":{"line":55,"column":19}},"loc":{"start":{"line":55,"column":19},"end":{"line":57,"column":5}}},"7":{"name":"(anonymous_7)","decl":{"start":{"line":59,"column":11},"end":{"line":59,"column":19}},"loc":{"start":{"line":59,"column":33},"end":{"line":61,"column":5}}},"8":{"name":"(anonymous_8)","decl":{"start":{"line":63,"column":11},"end":{"line":63,"column":22}},"loc":{"start":{"line":63,"column":22},"end":{"line":65,"column":5}}},"9":{"name":"(anonymous_9)","decl":{"start":{"line":67,"column":11},"end":{"line":67,"column":22}},"loc":{"start":{"line":67,"column":36},"end":{"line":69,"column":5}}},"10":{"name":"(anonymous_10)","decl":{"start":{"line":71,"column":11},"end":{"line":71,"column":18}},"loc":{"start":{"line":71,"column":18},"end":{"line":73,"column":5}}},"11":{"name":"(anonymous_11)","decl":{"start":{"line":75,"column":11},"end":{"line":75,"column":18}},"loc":{"start":{"line":75,"column":36},"end":{"line":77,"column":5}}},"12":{"name":"(anonymous_12)","decl":{"start":{"line":79,"column":11},"end":{"line":79,"column":23}},"loc":{"start":{"line":79,"column":23},"end":{"line":81,"column":5}}},"13":{"name":"(anonymous_13)","decl":{"start":{"line":83,"column":11},"end":{"line":83,"column":23}},"loc":{"start":{"line":83,"column":37},"end":{"line":85,"column":5}}},"14":{"name":"(anonymous_14)","decl":{"start":{"line":87,"column":11},"end":{"line":87,"column":20}},"loc":{"start":{"line":87,"column":20},"end":{"line":96,"column":5}}},"15":{"name":"(anonymous_15)","decl":{"start":{"line":98,"column":11},"end":{"line":98,"column":26}},"loc":{"start":{"line":98,"column":26},"end":{"line":106,"column":5}}}},"branchMap":{"0":{"loc":{"start":{"line":1,"column":12},"end":{"line":1,"column":null}},"type":"binary-expr","locations":[{"start":{"line":1,"column":12},"end":{"line":1,"column":22}},{"start":{"line":1,"column":12},"end":{"line":1,"column":null}}]}},"s":{"0":2,"1":2,"2":2,"3":3,"4":3,"5":3,"6":3,"7":3,"8":3,"9":1,"10":0,"11":1,"12":0,"13":0,"14":0,"15":0,"16":0,"17":1,"18":0,"19":0,"20":0,"21":0,"22":2,"23":2},"f":{"0":2,"1":3,"2":1,"3":0,"4":1,"5":0,"6":0,"7":0,"8":0,"9":0,"10":1,"11":0,"12":0,"13":0,"14":0,"15":2},"b":{"0":[2,2]}}
,"C:\\Users\\ACER\\Documents\\Codes\\Labenu\\Modulo 4 - Fullstack\\testes-backend-II-template\\tests\\mocks\\HashManagerMock.ts": {"path":"C:\\Users\\ACER\\Documents\\Codes\\Labenu\\Modulo 4 - Fullstack\\testes-backend-II-template\\tests\\mocks\\HashManagerMock.ts","statementMap":{"0":{"start":{"line":2,"column":9},"end":{"line":4,"column":4}},"1":{"start":{"line":2,"column":61},"end":{"line":4,"column":4}},"2":{"start":{"line":3,"column":4},"end":{"line":3,"column":23}},"3":{"start":{"line":6,"column":9},"end":{"line":20,"column":4}},"4":{"start":{"line":9,"column":24},"end":{"line":20,"column":4}},"5":{"start":{"line":10,"column":4},"end":{"line":19,"column":null}},"6":{"start":{"line":12,"column":8},"end":{"line":12,"column":43}},"7":{"start":{"line":15,"column":8},"end":{"line":15,"column":45}},"8":{"start":{"line":18,"column":8},"end":{"line":18,"column":21}},"9":{"start":{"line":1,"column":0},"end":{"line":1,"column":13}}},"fnMap":{"0":{"name":"(anonymous_7)","decl":{"start":{"line":1,"column":0},"end":{"line":1,"column":13}},"loc":{"start":{"line":1,"column":0},"end":{"line":21,"column":1}}},"1":{"name":"(anonymous_8)","decl":{"start":{"line":2,"column":16},"end":{"line":2,"column":23}},"loc":{"start":{"line":2,"column":61},"end":{"line":4,"column":4}}},"2":{"name":"(anonymous_9)","decl":{"start":{"line":2,"column":61},"end":{"line":2,"column":null}},"loc":{"start":{"line":2,"column":61},"end":{"line":4,"column":3}}},"3":{"name":"(anonymous_10)","decl":{"start":{"line":6,"column":19},"end":{"line":6,"column":null}},"loc":{"start":{"line":9,"column":24},"end":{"line":20,"column":4}}},"4":{"name":"(anonymous_11)","decl":{"start":{"line":9,"column":24},"end":{"line":9,"column":null}},"loc":{"start":{"line":9,"column":24},"end":{"line":20,"column":3}}}},"branchMap":{"0":{"loc":{"start":{"line":10,"column":4},"end":{"line":19,"column":null}},"type":"switch","locations":[{"start":{"line":11,"column":6},"end":{"line":12,"column":43}},{"start":{"line":14,"column":6},"end":{"line":15,"column":45}},{"start":{"line":17,"column":6},"end":{"line":18,"column":21}}]}},"s":{"0":2,"1":0,"2":0,"3":2,"4":1,"5":1,"6":1,"7":0,"8":0,"9":2},"f":{"0":2,"1":0,"2":0,"3":1,"4":1},"b":{"0":[1,0,0]}}
,"C:\\Users\\ACER\\Documents\\Codes\\Labenu\\Modulo 4 - Fullstack\\testes-backend-II-template\\tests\\mocks\\IdGeneratorMock.ts": {"path":"C:\\Users\\ACER\\Documents\\Codes\\Labenu\\Modulo 4 - Fullstack\\testes-backend-II-template\\tests\\mocks\\IdGeneratorMock.ts","statementMap":{"0":{"start":{"line":2,"column":9},"end":{"line":4,"column":4}},"1":{"start":{"line":3,"column":4},"end":{"line":3,"column":21}},"2":{"start":{"line":1,"column":0},"end":{"line":1,"column":13}}},"fnMap":{"0":{"name":"(anonymous_0)","decl":{"start":{"line":1,"column":0},"end":{"line":1,"column":13}},"loc":{"start":{"line":1,"column":0},"end":{"line":5,"column":1}}},"1":{"name":"(anonymous_1)","decl":{"start":{"line":2,"column":20},"end":{"line":2,"column":31}},"loc":{"start":{"line":2,"column":33},"end":{"line":4,"column":3}}}},"branchMap":{},"s":{"0":2,"1":0,"2":2},"f":{"0":2,"1":0},"b":{}}
,"C:\\Users\\ACER\\Documents\\Codes\\Labenu\\Modulo 4 - Fullstack\\testes-backend-II-template\\tests\\mocks\\TokenManagerMock.ts": {"path":"C:\\Users\\ACER\\Documents\\Codes\\Labenu\\Modulo 4 - Fullstack\\testes-backend-II-template\\tests\\mocks\\TokenManagerMock.ts","statementMap":{"0":{"start":{"line":1,"column":0},"end":{"line":1,"column":65}},"1":{"start":{"line":4,"column":9},"end":{"line":15,"column":4}},"2":{"start":{"line":5,"column":4},"end":{"line":14,"column":null}},"3":{"start":{"line":7,"column":6},"end":{"line":7,"column":26}},"4":{"start":{"line":8,"column":11},"end":{"line":14,"column":null}},"5":{"start":{"line":10,"column":6},"end":{"line":10,"column":33}},"6":{"start":{"line":13,"column":6},"end":{"line":13,"column":35}},"7":{"start":{"line":17,"column":9},"end":{"line":33,"column":4}},"8":{"start":{"line":18,"column":4},"end":{"line":32,"column":null}},"9":{"start":{"line":19,"column":6},"end":{"line":23,"column":8}},"10":{"start":{"line":24,"column":11},"end":{"line":32,"column":null}},"11":{"start":{"line":25,"column":6},"end":{"line":29,"column":8}},"12":{"start":{"line":31,"column":6},"end":{"line":31,"column":18}},"13":{"start":{"line":3,"column":0},"end":{"line":3,"column":13}}},"fnMap":{"0":{"name":"(anonymous_0)","decl":{"start":{"line":3,"column":0},"end":{"line":3,"column":13}},"loc":{"start":{"line":3,"column":0},"end":{"line":34,"column":1}}},"1":{"name":"(anonymous_1)","decl":{"start":{"line":4,"column":23},"end":{"line":4,"column":24}},"loc":{"start":{"line":4,"column":57},"end":{"line":15,"column":3}}},"2":{"name":"(anonymous_2)","decl":{"start":{"line":17,"column":22},"end":{"line":17,"column":23}},"loc":{"start":{"line":17,"column":61},"end":{"line":33,"column":3}}}},"branchMap":{"0":{"loc":{"start":{"line":5,"column":4},"end":{"line":14,"column":null}},"type":"if","locations":[{"start":{"line":5,"column":4},"end":{"line":14,"column":null}},{"start":{"line":8,"column":11},"end":{"line":14,"column":null}}]},"1":{"loc":{"start":{"line":8,"column":11},"end":{"line":14,"column":null}},"type":"if","locations":[{"start":{"line":8,"column":11},"end":{"line":14,"column":null}},{"start":{"line":11,"column":11},"end":{"line":14,"column":null}}]},"2":{"loc":{"start":{"line":18,"column":4},"end":{"line":32,"column":null}},"type":"if","locations":[{"start":{"line":18,"column":4},"end":{"line":32,"column":null}},{"start":{"line":24,"column":11},"end":{"line":32,"column":null}}]},"3":{"loc":{"start":{"line":24,"column":11},"end":{"line":32,"column":null}},"type":"if","locations":[{"start":{"line":24,"column":11},"end":{"line":32,"column":null}},{"start":{"line":30,"column":11},"end":{"line":32,"column":null}}]}},"s":{"0":2,"1":2,"2":1,"3":0,"4":1,"5":1,"6":0,"7":2,"8":1,"9":0,"10":1,"11":1,"12":0,"13":2},"f":{"0":2,"1":1,"2":1},"b":{"0":[0,1],"1":[1,0],"2":[0,1],"3":[1,0]}}
,"C:\\Users\\ACER\\Documents\\Codes\\Labenu\\Modulo 4 - Fullstack\\testes-backend-II-template\\tests\\mocks\\UserDatabaseMock.ts": {"path":"C:\\Users\\ACER\\Documents\\Codes\\Labenu\\Modulo 4 - Fullstack\\testes-backend-II-template\\tests\\mocks\\UserDatabaseMock.ts","statementMap":{"0":{"start":{"line":1,"column":0},"end":{"line":1,"column":59}},"1":{"start":{"line":2,"column":0},"end":{"line":2,"column":63}},"2":{"start":{"line":4,"column":28},"end":{"line":21,"column":2}},"3":{"start":{"line":27,"column":4},"end":{"line":33,"column":null}},"4":{"start":{"line":28,"column":6},"end":{"line":30,"column":8}},"5":{"start":{"line":29,"column":8},"end":{"line":29,"column":69}},"6":{"start":{"line":32,"column":6},"end":{"line":32,"column":23}},"7":{"start":{"line":37,"column":4},"end":{"line":37,"column":57}},"8":{"start":{"line":37,"column":38},"end":{"line":37,"column":52}},"9":{"start":{"line":41,"column":4},"end":{"line":41,"column":63}},"10":{"start":{"line":41,"column":38},"end":{"line":41,"column":58}},"11":{"start":{"line":44,"column":61},"end":{"line":44,"column":null}},"12":{"start":{"line":23,"column":0},"end":{"line":23,"column":13}},"13":{"start":{"line":24,"column":16},"end":{"line":24,"column":38}}},"fnMap":{"0":{"name":"(anonymous_7)","decl":{"start":{"line":26,"column":15},"end":{"line":26,"column":24}},"loc":{"start":{"line":26,"column":46},"end":{"line":34,"column":null}}},"1":{"name":"(anonymous_9)","decl":{"start":{"line":28,"column":30},"end":{"line":28,"column":31}},"loc":{"start":{"line":29,"column":8},"end":{"line":29,"column":69}}},"2":{"name":"(anonymous_10)","decl":{"start":{"line":36,"column":15},"end":{"line":36,"column":27}},"loc":{"start":{"line":36,"column":38},"end":{"line":38,"column":null}}},"3":{"name":"(anonymous_12)","decl":{"start":{"line":37,"column":28},"end":{"line":37,"column":29}},"loc":{"start":{"line":37,"column":38},"end":{"line":37,"column":52}}},"4":{"name":"(anonymous_13)","decl":{"start":{"line":40,"column":15},"end":{"line":40,"column":30}},"loc":{"start":{"line":40,"column":44},"end":{"line":42,"column":null}}},"5":{"name":"(anonymous_15)","decl":{"start":{"line":41,"column":28},"end":{"line":41,"column":29}},"loc":{"start":{"line":41,"column":38},"end":{"line":41,"column":58}}},"6":{"name":"(anonymous_16)","decl":{"start":{"line":44,"column":15},"end":{"line":44,"column":25}},"loc":{"start":{"line":44,"column":43},"end":{"line":44,"column":null}}},"7":{"name":"(anonymous_17)","decl":{"start":{"line":44,"column":61},"end":{"line":44,"column":62}},"loc":{"start":{"line":44,"column":61},"end":{"line":44,"column":62}}}},"branchMap":{"0":{"loc":{"start":{"line":27,"column":4},"end":{"line":33,"column":null}},"type":"if","locations":[{"start":{"line":27,"column":4},"end":{"line":33,"column":null}},{"start":{"line":31,"column":11},"end":{"line":33,"column":null}}]}},"s":{"0":2,"1":2,"2":2,"3":1,"4":0,"5":0,"6":1,"7":0,"8":0,"9":1,"10":2,"11":0,"12":2,"13":2},"f":{"0":1,"1":0,"2":0,"3":0,"4":1,"5":2,"6":0,"7":0},"b":{"0":[0,1]}}
}
