TN:
SF:src\business\UserBusiness.ts
FN:13,(anonymous_7)
FN:20,(anonymous_8)
FN:22,(anonymous_9)
FN:37,(anonymous_10)
FN:55,(anonymous_11)
FN:55,(anonymous_12)
FN:89,(anonymous_13)
FN:89,(anonymous_14)
FNF:8
FNH:6
FNDA:2,(anonymous_7)
FNDA:1,(anonymous_8)
FNDA:1,(anonymous_9)
FNDA:2,(anonymous_10)
FNDA:0,(anonymous_11)
FNDA:0,(anonymous_12)
FNDA:1,(anonymous_13)
FNDA:1,(anonymous_14)
DA:5,2
DA:6,2
DA:7,2
DA:12,2
DA:14,2
DA:15,2
DA:16,2
DA:17,2
DA:20,2
DA:22,1
DA:23,1
DA:25,1
DA:27,1
DA:28,0
DA:31,1
DA:32,0
DA:35,1
DA:37,1
DA:38,2
DA:47,2
DA:50,1
DA:52,1
DA:55,2
DA:56,0
DA:58,0
DA:59,0
DA:61,0
DA:70,0
DA:71,0
DA:73,0
DA:79,0
DA:81,0
DA:86,0
DA:89,2
DA:90,1
DA:92,1
DA:94,1
DA:95,0
DA:98,1
DA:100,1
DA:105,1
DA:106,0
DA:109,1
DA:118,1
DA:124,1
DA:126,1
DA:131,1
LF:47
LH:33
BRDA:27,0,0,0
BRDA:31,1,0,0
BRDA:94,2,0,0
BRDA:105,3,0,0
BRF:4
BRH:0
end_of_record
TN:
SF:src\database\BaseDatabase.ts
FN:16,(anonymous_1)
FNF:1
FNH:0
FNDA:0,(anonymous_1)
DA:1,2
DA:2,2
DA:4,2
DA:6,2
DA:7,2
DA:17,0
LF:6
LH:5
BRF:0
BRH:0
end_of_record
TN:
SF:src\errors\BadRequestError.ts
FNF:0
FNH:0
DA:1,2
DA:3,2
DA:7,0
LF:3
LH:2
BRDA:5,0,0,0
BRF:1
BRH:0
end_of_record
TN:
SF:src\errors\BaseError.ts
FN:2,(anonymous_0)
FNF:1
FNH:0
FNDA:0,(anonymous_0)
DA:1,2
DA:3,0
DA:6,0
LF:3
LH:1
BRF:0
BRH:0
end_of_record
TN:
SF:src\errors\NotFoundError.ts
FNF:0
FNH:0
DA:1,2
DA:3,2
DA:7,0
LF:3
LH:2
BRDA:5,0,0,0
BRF:1
BRH:0
end_of_record
TN:
SF:src\models\User.ts
FN:1,(anonymous_0)
FN:30,(anonymous_1)
FN:39,(anonymous_2)
FN:43,(anonymous_3)
FN:47,(anonymous_4)
FN:51,(anonymous_5)
FN:55,(anonymous_6)
FN:59,(anonymous_7)
FN:63,(anonymous_8)
FN:67,(anonymous_9)
FN:71,(anonymous_10)
FN:75,(anonymous_11)
FN:79,(anonymous_12)
FN:83,(anonymous_13)
FN:87,(anonymous_14)
FN:98,(anonymous_15)
FNF:16
FNH:6
FNDA:2,(anonymous_0)
FNDA:3,(anonymous_1)
FNDA:1,(anonymous_2)
FNDA:0,(anonymous_3)
FNDA:1,(anonymous_4)
FNDA:0,(anonymous_5)
FNDA:0,(anonymous_6)
FNDA:0,(anonymous_7)
FNDA:0,(anonymous_8)
FNDA:0,(anonymous_9)
FNDA:1,(anonymous_10)
FNDA:0,(anonymous_11)
FNDA:0,(anonymous_12)
FNDA:0,(anonymous_13)
FNDA:0,(anonymous_14)
FNDA:2,(anonymous_15)
DA:1,2
DA:2,2
DA:3,2
DA:29,2
DA:31,3
DA:32,3
DA:33,3
DA:34,3
DA:35,3
DA:36,3
DA:40,1
DA:44,0
DA:48,1
DA:52,0
DA:56,0
DA:60,0
DA:64,0
DA:68,0
DA:72,1
DA:76,0
DA:80,0
DA:84,0
DA:88,0
DA:99,2
LF:24
LH:14
BRDA:1,0,0,2
BRDA:1,0,1,2
BRF:2
BRH:2
end_of_record
TN:
SF:tests\mocks\HashManagerMock.ts
FN:1,(anonymous_7)
FN:2,(anonymous_8)
FN:2,(anonymous_9)
FN:6,(anonymous_10)
FN:9,(anonymous_11)
FNF:5
FNH:3
FNDA:2,(anonymous_7)
FNDA:0,(anonymous_8)
FNDA:0,(anonymous_9)
FNDA:1,(anonymous_10)
FNDA:1,(anonymous_11)
DA:1,2
DA:2,2
DA:3,0
DA:6,2
DA:9,1
DA:10,1
DA:12,1
DA:15,0
DA:18,0
LF:9
LH:6
BRDA:10,0,0,1
BRDA:10,0,1,0
BRDA:10,0,2,0
BRF:3
BRH:1
end_of_record
TN:
SF:tests\mocks\IdGeneratorMock.ts
FN:1,(anonymous_0)
FN:2,(anonymous_1)
FNF:2
FNH:1
FNDA:2,(anonymous_0)
FNDA:0,(anonymous_1)
DA:1,2
DA:2,2
DA:3,0
LF:3
LH:2
BRF:0
BRH:0
end_of_record
TN:
SF:tests\mocks\TokenManagerMock.ts
FN:3,(anonymous_0)
FN:4,(anonymous_1)
FN:17,(anonymous_2)
FNF:3
FNH:3
FNDA:2,(anonymous_0)
FNDA:1,(anonymous_1)
FNDA:1,(anonymous_2)
DA:1,2
DA:3,2
DA:4,2
DA:5,1
DA:7,0
DA:8,1
DA:10,1
DA:13,0
DA:17,2
DA:18,1
DA:19,0
DA:24,1
DA:25,1
DA:31,0
LF:14
LH:10
BRDA:5,0,0,0
BRDA:5,0,1,1
BRDA:8,1,0,1
BRDA:8,1,1,0
BRDA:18,2,0,0
BRDA:18,2,1,1
BRDA:24,3,0,1
BRDA:24,3,1,0
BRF:8
BRH:4
end_of_record
TN:
SF:tests\mocks\UserDatabaseMock.ts
FN:26,(anonymous_7)
FN:28,(anonymous_9)
FN:36,(anonymous_10)
FN:37,(anonymous_12)
FN:40,(anonymous_13)
FN:41,(anonymous_15)
FN:44,(anonymous_16)
FN:44,(anonymous_17)
FNF:8
FNH:3
FNDA:1,(anonymous_7)
FNDA:0,(anonymous_9)
FNDA:0,(anonymous_10)
FNDA:0,(anonymous_12)
FNDA:1,(anonymous_13)
FNDA:2,(anonymous_15)
FNDA:0,(anonymous_16)
FNDA:0,(anonymous_17)
DA:1,2
DA:2,2
DA:4,2
DA:23,2
DA:24,2
DA:27,1
DA:28,0
DA:29,0
DA:32,1
DA:37,0
DA:41,2
DA:44,0
LF:12
LH:8
BRDA:27,0,0,0
BRDA:27,0,1,1
BRF:2
BRH:1
end_of_record
